<?xml version="1.0" encoding="UTF-8"?>
<!-- Generated by org.testng.reporters.JUnitReportReporter -->
<testsuite name="testcase.TC001" tests="1" time="16.774" ignored="0" failures="0" timestamp="28 Oct 2018 06:59:36 GMT" skipped="0" hostname="Akash-PC" errors="0">
  <testcase name="testase1" time="16.774" classname="testcase.TC001"/>
</testsuite> <!-- testcase.TC001 -->
