<?xml version="1.0" encoding="UTF-8"?>
<!-- Generated by org.testng.reporters.JUnitReportReporter -->
<testsuite name="testcase.TC002" tests="1" time="40.442" ignored="0" failures="0" timestamp="28 Oct 2018 06:59:36 GMT" skipped="0" hostname="Akash-PC" errors="0">
  <testcase name="testase2" time="40.442" classname="testcase.TC002"/>
</testsuite> <!-- testcase.TC002 -->
